Determining if the function IceConnectionNumber exists in the ICE failed with the following output:
Change Dir: /Users/annamaria/lavoro/xray_shielding/TestEm16/CMakeFiles/CMakeTmp

Run Build Command(s):/usr/bin/xcodebuild -project CMAKE_TRY_COMPILE.xcodeproj build -target cmTC_165f7 -parallelizeTargets -configuration Debug -hideShellScriptEnvironment && Command line invocation:
    /Applications/Xcode.app/Contents/Developer/usr/bin/xcodebuild -project CMAKE_TRY_COMPILE.xcodeproj build -target cmTC_165f7 -parallelizeTargets -configuration Debug -hideShellScriptEnvironment

User defaults from command line:
    HideShellScriptEnvironment = YES
    IDEPackageSupportUseBuiltinSCM = YES

note: Using new build system
note: Planning
Analyze workspace

Create build description
Build description signature: 7b70e2fb75fdaedfb2dbd5f88a87f556
Build description path: /Users/annamaria/lavoro/xray_shielding/TestEm16/CMakeFiles/CMakeTmp/build/XCBuildData/7b70e2fb75fdaedfb2dbd5f88a87f556-desc.xcbuild

note: Build preparation complete
note: Building targets in dependency order
CreateBuildDirectory /Users/annamaria/lavoro/xray_shielding/TestEm16/CMakeFiles/CMakeTmp
    cd /Users/annamaria/lavoro/xray_shielding/TestEm16/CMakeFiles/CMakeTmp/CMAKE_TRY_COMPILE.xcodeproj
    builtin-create-build-directory /Users/annamaria/lavoro/xray_shielding/TestEm16/CMakeFiles/CMakeTmp

CreateBuildDirectory /Users/annamaria/lavoro/xray_shielding/TestEm16/CMakeFiles/CMakeTmp/Debug
    cd /Users/annamaria/lavoro/xray_shielding/TestEm16/CMakeFiles/CMakeTmp/CMAKE_TRY_COMPILE.xcodeproj
    builtin-create-build-directory /Users/annamaria/lavoro/xray_shielding/TestEm16/CMakeFiles/CMakeTmp/Debug

WriteAuxiliaryFile /Users/annamaria/lavoro/xray_shielding/TestEm16/CMakeFiles/CMakeTmp/CMAKE_TRY_COMPILE.build/Debug/cmTC_165f7.build/Objects-normal/x86_64/cmTC_165f7.LinkFileList (in target 'cmTC_165f7' from project 'CMAKE_TRY_COMPILE')
    cd /Users/annamaria/lavoro/xray_shielding/TestEm16/CMakeFiles/CMakeTmp
    write-file /Users/annamaria/lavoro/xray_shielding/TestEm16/CMakeFiles/CMakeTmp/CMAKE_TRY_COMPILE.build/Debug/cmTC_165f7.build/Objects-normal/x86_64/cmTC_165f7.LinkFileList

CompileC /Users/annamaria/lavoro/xray_shielding/TestEm16/CMakeFiles/CMakeTmp/CMAKE_TRY_COMPILE.build/Debug/cmTC_165f7.build/Objects-normal/x86_64/CheckFunctionExists.o /Applications/CMake.app/Contents/share/cmake-3.22/Modules/CheckFunctionExists.c normal x86_64 c com.apple.compilers.llvm.clang.1_0.compiler (in target 'cmTC_165f7' from project 'CMAKE_TRY_COMPILE')
    cd /Users/annamaria/lavoro/xray_shielding/TestEm16/CMakeFiles/CMakeTmp
    /Applications/Xcode.app/Contents/Developer/Toolchains/XcodeDefault.xctoolchain/usr/bin/clang -x c -target x86_64-apple-macos12.1 -fmessage-length\=0 -fdiagnostics-show-note-include-stack -fmacro-backtrace-limit\=0 -Wno-trigraphs -fpascal-strings -O0 -Wno-missing-field-initializers -Wno-missing-prototypes -Wno-return-type -Wno-missing-braces -Wparentheses -Wswitch -Wno-unused-function -Wno-unused-label -Wno-unused-parameter -Wno-unused-variable -Wunused-value -Wno-empty-body -Wno-uninitialized -Wno-unknown-pragmas -Wno-shadow -Wno-four-char-constants -Wno-conversion -Wno-constant-conversion -Wno-int-conversion -Wno-bool-conversion -Wno-enum-conversion -Wno-float-conversion -Wno-non-literal-null-conversion -Wno-objc-literal-conversion -Wno-shorten-64-to-32 -Wpointer-sign -Wno-newline-eof -DCMAKE_INTDIR\=\"Debug\" -isysroot /Applications/Xcode.app/Contents/Developer/Platforms/MacOSX.platform/Developer/SDKs/MacOSX12.1.sdk -fasm-blocks -fstrict-aliasing -Wdeprecated-declarations -g -Wno-sign-conversion -Wno-infinite-recursion -Wno-comma -Wno-block-capture-autoreleasing -Wno-strict-prototypes -Wno-semicolon-before-method-body -I/Users/annamaria/lavoro/xray_shielding/TestEm16/CMakeFiles/CMakeTmp/Debug/include -I/Users/annamaria/lavoro/xray_shielding/TestEm16/CMakeFiles/CMakeTmp/CMAKE_TRY_COMPILE.build/Debug/cmTC_165f7.build/DerivedSources-normal/x86_64 -I/Users/annamaria/lavoro/xray_shielding/TestEm16/CMakeFiles/CMakeTmp/CMAKE_TRY_COMPILE.build/Debug/cmTC_165f7.build/DerivedSources/x86_64 -I/Users/annamaria/lavoro/xray_shielding/TestEm16/CMakeFiles/CMakeTmp/CMAKE_TRY_COMPILE.build/Debug/cmTC_165f7.build/DerivedSources -F/Users/annamaria/lavoro/xray_shielding/TestEm16/CMakeFiles/CMakeTmp/Debug -DCHECK_FUNCTION_EXISTS\=IceConnectionNumber -MMD -MT dependencies -MF /Users/annamaria/lavoro/xray_shielding/TestEm16/CMakeFiles/CMakeTmp/CMAKE_TRY_COMPILE.build/Debug/cmTC_165f7.build/Objects-normal/x86_64/CheckFunctionExists.d --serialize-diagnostics /Users/annamaria/lavoro/xray_shielding/TestEm16/CMakeFiles/CMakeTmp/CMAKE_TRY_COMPILE.build/Debug/cmTC_165f7.build/Objects-normal/x86_64/CheckFunctionExists.dia -c /Applications/CMake.app/Contents/share/cmake-3.22/Modules/CheckFunctionExists.c -o /Users/annamaria/lavoro/xray_shielding/TestEm16/CMakeFiles/CMakeTmp/CMAKE_TRY_COMPILE.build/Debug/cmTC_165f7.build/Objects-normal/x86_64/CheckFunctionExists.o

Ld /Users/annamaria/lavoro/xray_shielding/TestEm16/CMakeFiles/CMakeTmp/Debug/cmTC_165f7 normal (in target 'cmTC_165f7' from project 'CMAKE_TRY_COMPILE')
    cd /Users/annamaria/lavoro/xray_shielding/TestEm16/CMakeFiles/CMakeTmp
    /Applications/Xcode.app/Contents/Developer/Toolchains/XcodeDefault.xctoolchain/usr/bin/clang -target x86_64-apple-macos12.1 -isysroot /Applications/Xcode.app/Contents/Developer/Platforms/MacOSX.platform/Developer/SDKs/MacOSX12.1.sdk -L/Users/annamaria/lavoro/xray_shielding/TestEm16/CMakeFiles/CMakeTmp/Debug -L/opt/local/lib/Debug -L/opt/local/lib -F/Users/annamaria/lavoro/xray_shielding/TestEm16/CMakeFiles/CMakeTmp/Debug -filelist /Users/annamaria/lavoro/xray_shielding/TestEm16/CMakeFiles/CMakeTmp/CMAKE_TRY_COMPILE.build/Debug/cmTC_165f7.build/Objects-normal/x86_64/cmTC_165f7.LinkFileList -Xlinker -rpath -Xlinker /opt/local/lib -Xlinker -object_path_lto -Xlinker /Users/annamaria/lavoro/xray_shielding/TestEm16/CMakeFiles/CMakeTmp/CMAKE_TRY_COMPILE.build/Debug/cmTC_165f7.build/Objects-normal/x86_64/cmTC_165f7_lto.o -Xlinker -no_deduplicate -Wl,-search_paths_first -Wl,-headerpad_max_install_names -lICE -Xlinker -dependency_info -Xlinker /Users/annamaria/lavoro/xray_shielding/TestEm16/CMakeFiles/CMakeTmp/CMAKE_TRY_COMPILE.build/Debug/cmTC_165f7.build/Objects-normal/x86_64/cmTC_165f7_dependency_info.dat -o /Users/annamaria/lavoro/xray_shielding/TestEm16/CMakeFiles/CMakeTmp/Debug/cmTC_165f7
ld: warning: directory not found for option '-L/opt/local/lib/Debug'
ld: library not found for -lICE
clang: error: linker command failed with exit code 1 (use -v to see invocation)

** BUILD FAILED **


The following build commands failed:
	Ld /Users/annamaria/lavoro/xray_shielding/TestEm16/CMakeFiles/CMakeTmp/Debug/cmTC_165f7 normal (in target 'cmTC_165f7' from project 'CMAKE_TRY_COMPILE')
(1 failure)



